======================================================================
Starting Web Scraper API...
======================================================================
API Endpoints:
  GET  /         - API documentation
  GET  /health   - Health check
  POST /scrape   - Scrape a URL
======================================================================

Example usage:
  curl -X POST http://localhost:5001/scrape \
    -H "Content-Type: application/json" \
    -d '{"url": "https://example.com"}'
======================================================================
 * Serving Flask app 'api'
 * Debug mode: on
[31m[1mWARNING: This is a development server. Do not use it in a production deployment. Use a production WSGI server instead.[0m
 * Running on all addresses (0.0.0.0)
 * Running on http://127.0.0.1:5001
 * Running on http://10.0.0.185:5001
[33mPress CTRL+C to quit[0m
 * Restarting with stat
 * Debugger is active!
 * Debugger PIN: 323-247-115
/Users/angelocarlotto/.pyenv/versions/3.14.0/lib/python3.14/multiprocessing/resource_tracker.py:297: UserWarning: resource_tracker: There appear to be 1 leaked semaphore objects to clean up at shutdown: {'/mp-p1rcqn9j'}
  warnings.warn(
/Users/angelocarlotto/.pyenv/versions/3.14.0/lib/python3.14/multiprocessing/resource_tracker.py:297: UserWarning: resource_tracker: There appear to be 1 leaked semaphore objects to clean up at shutdown: {'/mp-kyp5jtry'}
  warnings.warn(
